{
    "long_period": "200 values from 1 to 200"
  },
  "metric": "sharpe_ratio",
  "start_date": "2020-02-20",
  "end_date": "2025-02-20",
  "error": "'function' object has no attribute 'backtest'",
  "traceback": "Traceback (most recent call last):\n  File \"C:\\Users\\ricar\\Desktop\\Python Works\\Analise_Grafica\\optimization\\task.py\", line 62, in run_optimization_task\n    default_result = backtester.run_backtest(\n  File \"C:\\Users\\ricar\\Desktop\\Python Works\\Analise_Grafica\\backtesting\\backtester.py\", line 81, in run_backtest\n    backtest_results = strategy.backtest(data, self.initial_capital, self.commission)\nAttributeError: 'function' object has no attribute 'backtest'\n"
}

{
  "timestamp": "2025-05-13 11:45:41",
  "strategy_type": "ema_crossover",
  "param_ranges_request": {
    "long_period": "200 values from 1 to 200"
  },
  "metric": "sharpe_ratio",
  "start_date": "2020-02-20",
  "end_date": "2025-02-20"
}

{
  "timestamp": "2025-05-13 11:45:54",
  "strategy_type": "ema_crossover",
  "param_ranges_request": {
    "long_period": "200 values from 1 to 200"
  },
  "metric": "sharpe_ratio",
  "start_date": "2020-02-20",
  "end_date": "2025-02-20",
  "error": "'function' object has no attribute 'backtest'",
  "traceback": "Traceback (most recent call last):\n  File \"C:\\Users\\ricar\\Desktop\\Python Works\\Analise_Grafica\\optimization\\task.py\", line 62, in run_optimization_task\n    default_result = backtester.run_backtest(\n  File \"C:\\Users\\ricar\\Desktop\\Python Works\\Analise_Grafica\\backtesting\\backtester.py\", line 81, in run_backtest\n    backtest_results = strategy.backtest(data, self.initial_capital, self.commission)\nAttributeError: 'function' object has no attribute 'backtest'\n"
}

{
  "timestamp": "2025-05-13 11:45:58",
  "strategy_type": "ema_crossover",
  "param_ranges_request": {
    "long_period": "200 values from 1 to 200"
  },
  "metric": "sharpe_ratio",
  "start_date": "2020-02-20",
  "end_date": "2025-02-20"
}

{
  "timestamp": "2025-05-13 11:46:11",
  "strategy_type": "ema_crossover",
  "param_ranges_request": {
    "long_period": "200 values from 1 to 200"
  },
  "metric": "sharpe_ratio",
  "start_date": "2020-02-20",
  "end_date": "2025-02-20",
  "error": "'function' object has no attribute 'backtest'",
  "traceback": "Traceback (most recent call last):\n  File \"C:\\Users\\ricar\\Desktop\\Python Works\\Analise_Grafica\\optimization\\task.py\", line 62, in run_optimization_task\n    default_result = backtester.run_backtest(\n  File \"C:\\Users\\ricar\\Desktop\\Python Works\\Analise_Grafica\\backtesting\\backtester.py\", line 81, in run_backtest\n    backtest_results = strategy.backtest(data, self.initial_capital, self.commission)\nAttributeError: 'function' object has no attribute 'backtest'\n"
}

